[   13932ms] [ERROR] Warning: Encountered two children with the same key, `%s`. Keys should be unique so that components maintain their identity across updates. Non-unique keys may cause children to be duplicated and/or omitted — the behavior is unsupported and could change in a future version.%s /student/projects 
    at div
    at section
    at PortalSearchHero (Server)
    at main
    at div
    at Home (Server)
    at InnerLayoutRouter (webpack-internal:///(app-pages-browser)/./node_modules/next/dist/client/components/layout-router.js:243:11)
    at RedirectErrorBoundary (webpack-internal:///(app-pages-browser)/./node_modules/next/dist/client/components/redirect-boundary.js:74:9)
    at RedirectBoundary (webpack-internal:///(app-pages-browser)/./node_modules/next/dist/client/components/redirect-boundary.js:82:11)
    at NotFoundErrorBoundary (webpack-internal:///(app-pages-browser)/./node_modules/next/dist/client/components/not-found-boundary.js:76:9)
    at NotFoundBoundary (webpack-internal:///(app-pages-browser)/./node_modules/next/dist/client/components/not-found-boundary.js:84:11)
    at LoadingBoundary (webpack-internal:///(app-pages-browser)/./node_modules/next/dist/client/components/layout-router.js:349:11)
    at ErrorBoundary (webpack-internal:///(app-pages-browser)/./node_modules/next/dist/client/components/error-boundary.js:160:11)
    at InnerScrollAndFocusHandler (webpack-internal:///(app-pages-browser)/./node_modules/next/dist/client/components/layout-router.js:153:9)
    at ScrollAndFocusHandler (webpack-internal:///(app-pages-browser)/./node_modules/next/dist/client/components/layout-router.js:228:11)
    at RenderFromTemplateContext (webpack-internal:///(app-pages-browser)/./node_modules/next/dist/client/components/render-from-template-context.js:16:44)
    at OuterLayoutRouter (webpack-internal:///(app-pages-browser)/./node_modules/next/dist/client/components/layout-router.js:370:11)
    at QueryClientProvider (webpack-internal:///(app-pages-browser)/./node_modules/@tanstack/react-query/build/modern/QueryClientProvider.js:27:11)
    at V (webpack-internal:///(app-pages-browser)/./node_modules/next-themes/dist/index.mjs:54:24)
    at J (webpack-internal:///(app-pages-browser)/./node_modules/next-themes/dist/index.mjs:47:47)
    at ThemeProvider (webpack-internal:///(app-pages-browser)/./components/theme/theme-provider.tsx:10:11)
    at AppProviders (webpack-internal:///(app-pages-browser)/./components/providers/app-providers.tsx:19:11)
    at body
    at html
    at RootLayout (Server)
    at RedirectErrorBoundary (webpack-internal:///(app-pages-browser)/./node_modules/next/dist/client/components/redirect-boundary.js:74:9)
    at RedirectBoundary (webpack-internal:///(app-pages-browser)/./node_modules/next/dist/client/components/redirect-boundary.js:82:11)
    at NotFoundErrorBoundary (webpack-internal:///(app-pages-browser)/./node_modules/next/dist/client/components/not-found-boundary.js:76:9)
    at NotFoundBoundary (webpack-internal:///(app-pages-browser)/./node_modules/next/dist/client/components/not-found-boundary.js:84:11)
    at DevRootNotFoundBoundary (webpack-internal:///(app-pages-browser)/./node_modules/next/dist/client/components/dev-root-not-found-boundary.js:33:11)
    at ReactDevOverlay (webpack-internal:///(app-pages-browser)/./node_modules/next/dist/client/components/react-dev-overlay/app/ReactDevOverlay.js:87:9)
    at HotReload (webpack-internal:///(app-pages-browser)/./node_modules/next/dist/client/components/react-dev-overlay/app/hot-reloader-client.js:321:11)
    at Router (webpack-internal:///(app-pages-browser)/./node_modules/next/dist/client/components/app-router.js:207:11)
    at ErrorBoundaryHandler (webpack-internal:///(app-pages-browser)/./node_modules/next/dist/client/components/error-boundary.js:113:9)
    at ErrorBoundary (webpack-internal:///(app-pages-browser)/./node_modules/next/dist/client/components/error-boundary.js:160:11)
    at AppRouter (webpack-internal:///(app-pages-browser)/./node_modules/next/dist/client/components/app-router.js:585:13)
    at ServerRoot (webpack-internal:///(app-pages-browser)/./node_modules/next/dist/client/app-index.js:112:27)
    at Root (webpack-internal:///(app-pages-browser)/./node_modules/next/dist/client/app-index.js:117:11) @ webpack-internal:///(app-pages-browser)/./node_modules/next/dist/client/app-index.js:32
[   13932ms] [ERROR] Warning: Encountered two children with the same key, `%s`. Keys should be unique so that components maintain their identity across updates. Non-unique keys may cause children to be duplicated and/or omitted — the behavior is unsupported and could change in a future version.%s /student/projects 
    at div
    at section
    at PortalSearchHero (Server)
    at main
    at div
    at Home (Server)
    at InnerLayoutRouter (webpack-internal:///(app-pages-browser)/./node_modules/next/dist/client/components/layout-router.js:243:11)
    at RedirectErrorBoundary (webpack-internal:///(app-pages-browser)/./node_modules/next/dist/client/components/redirect-boundary.js:74:9)
    at RedirectBoundary (webpack-internal:///(app-pages-browser)/./node_modules/next/dist/client/components/redirect-boundary.js:82:11)
    at NotFoundErrorBoundary (webpack-internal:///(app-pages-browser)/./node_modules/next/dist/client/components/not-found-boundary.js:76:9)
    at NotFoundBoundary (webpack-internal:///(app-pages-browser)/./node_modules/next/dist/client/components/not-found-boundary.js:84:11)
    at LoadingBoundary (webpack-internal:///(app-pages-browser)/./node_modules/next/dist/client/components/layout-router.js:349:11)
    at ErrorBoundary (webpack-internal:///(app-pages-browser)/./node_modules/next/dist/client/components/error-boundary.js:160:11)
    at InnerScrollAndFocusHandler (webpack-internal:///(app-pages-browser)/./node_modules/next/dist/client/components/layout-router.js:153:9)
    at ScrollAndFocusHandler (webpack-internal:///(app-pages-browser)/./node_modules/next/dist/client/components/layout-router.js:228:11)
    at RenderFromTemplateContext (webpack-internal:///(app-pages-browser)/./node_modules/next/dist/client/components/render-from-template-context.js:16:44)
    at OuterLayoutRouter (webpack-internal:///(app-pages-browser)/./node_modules/next/dist/client/components/layout-router.js:370:11)
    at QueryClientProvider (webpack-internal:///(app-pages-browser)/./node_modules/@tanstack/react-query/build/modern/QueryClientProvider.js:27:11)
    at V (webpack-internal:///(app-pages-browser)/./node_modules/next-themes/dist/index.mjs:54:24)
    at J (webpack-internal:///(app-pages-browser)/./node_modules/next-themes/dist/index.mjs:47:47)
    at ThemeProvider (webpack-internal:///(app-pages-browser)/./components/theme/theme-provider.tsx:10:11)
    at AppProviders (webpack-internal:///(app-pages-browser)/./components/providers/app-providers.tsx:19:11)
    at body
    at html
    at RootLayout (Server)
    at RedirectErrorBoundary (webpack-internal:///(app-pages-browser)/./node_modules/next/dist/client/components/redirect-boundary.js:74:9)
    at RedirectBoundary (webpack-internal:///(app-pages-browser)/./node_modules/next/dist/client/components/redirect-boundary.js:82:11)
    at NotFoundErrorBoundary (webpack-internal:///(app-pages-browser)/./node_modules/next/dist/client/components/not-found-boundary.js:76:9)
    at NotFoundBoundary (webpack-internal:///(app-pages-browser)/./node_modules/next/dist/client/components/not-found-boundary.js:84:11)
    at DevRootNotFoundBoundary (webpack-internal:///(app-pages-browser)/./node_modules/next/dist/client/components/dev-root-not-found-boundary.js:33:11)
    at ReactDevOverlay (webpack-internal:///(app-pages-browser)/./node_modules/next/dist/client/components/react-dev-overlay/app/ReactDevOverlay.js:87:9)
    at HotReload (webpack-internal:///(app-pages-browser)/./node_modules/next/dist/client/components/react-dev-overlay/app/hot-reloader-client.js:321:11)
    at Router (webpack-internal:///(app-pages-browser)/./node_modules/next/dist/client/components/app-router.js:207:11)
    at ErrorBoundaryHandler (webpack-internal:///(app-pages-browser)/./node_modules/next/dist/client/components/error-boundary.js:113:9)
    at ErrorBoundary (webpack-internal:///(app-pages-browser)/./node_modules/next/dist/client/components/error-boundary.js:160:11)
    at AppRouter (webpack-internal:///(app-pages-browser)/./node_modules/next/dist/client/components/app-router.js:585:13)
    at ServerRoot (webpack-internal:///(app-pages-browser)/./node_modules/next/dist/client/app-index.js:112:27)
    at Root (webpack-internal:///(app-pages-browser)/./node_modules/next/dist/client/app-index.js:117:11) @ webpack-internal:///(app-pages-browser)/./node_modules/next/dist/client/app-index.js:32
[   13932ms] [ERROR] Warning: Encountered two children with the same key, `%s`. Keys should be unique so that components maintain their identity across updates. Non-unique keys may cause children to be duplicated and/or omitted — the behavior is unsupported and could change in a future version.%s /student/projects 
    at div
    at section
    at PortalSearchHero (Server)
    at main
    at div
    at Home (Server)
    at InnerLayoutRouter (webpack-internal:///(app-pages-browser)/./node_modules/next/dist/client/components/layout-router.js:243:11)
    at RedirectErrorBoundary (webpack-internal:///(app-pages-browser)/./node_modules/next/dist/client/components/redirect-boundary.js:74:9)
    at RedirectBoundary (webpack-internal:///(app-pages-browser)/./node_modules/next/dist/client/components/redirect-boundary.js:82:11)
    at NotFoundErrorBoundary (webpack-internal:///(app-pages-browser)/./node_modules/next/dist/client/components/not-found-boundary.js:76:9)
    at NotFoundBoundary (webpack-internal:///(app-pages-browser)/./node_modules/next/dist/client/components/not-found-boundary.js:84:11)
    at LoadingBoundary (webpack-internal:///(app-pages-browser)/./node_modules/next/dist/client/components/layout-router.js:349:11)
    at ErrorBoundary (webpack-internal:///(app-pages-browser)/./node_modules/next/dist/client/components/error-boundary.js:160:11)
    at InnerScrollAndFocusHandler (webpack-internal:///(app-pages-browser)/./node_modules/next/dist/client/components/layout-router.js:153:9)
    at ScrollAndFocusHandler (webpack-internal:///(app-pages-browser)/./node_modules/next/dist/client/components/layout-router.js:228:11)
    at RenderFromTemplateContext (webpack-internal:///(app-pages-browser)/./node_modules/next/dist/client/components/render-from-template-context.js:16:44)
    at OuterLayoutRouter (webpack-internal:///(app-pages-browser)/./node_modules/next/dist/client/components/layout-router.js:370:11)
    at QueryClientProvider (webpack-internal:///(app-pages-browser)/./node_modules/@tanstack/react-query/build/modern/QueryClientProvider.js:27:11)
    at V (webpack-internal:///(app-pages-browser)/./node_modules/next-themes/dist/index.mjs:54:24)
    at J (webpack-internal:///(app-pages-browser)/./node_modules/next-themes/dist/index.mjs:47:47)
    at ThemeProvider (webpack-internal:///(app-pages-browser)/./components/theme/theme-provider.tsx:10:11)
    at AppProviders (webpack-internal:///(app-pages-browser)/./components/providers/app-providers.tsx:19:11)
    at body
    at html
    at RootLayout (Server)
    at RedirectErrorBoundary (webpack-internal:///(app-pages-browser)/./node_modules/next/dist/client/components/redirect-boundary.js:74:9)
    at RedirectBoundary (webpack-internal:///(app-pages-browser)/./node_modules/next/dist/client/components/redirect-boundary.js:82:11)
    at NotFoundErrorBoundary (webpack-internal:///(app-pages-browser)/./node_modules/next/dist/client/components/not-found-boundary.js:76:9)
    at NotFoundBoundary (webpack-internal:///(app-pages-browser)/./node_modules/next/dist/client/components/not-found-boundary.js:84:11)
    at DevRootNotFoundBoundary (webpack-internal:///(app-pages-browser)/./node_modules/next/dist/client/components/dev-root-not-found-boundary.js:33:11)
    at ReactDevOverlay (webpack-internal:///(app-pages-browser)/./node_modules/next/dist/client/components/react-dev-overlay/app/ReactDevOverlay.js:87:9)
    at HotReload (webpack-internal:///(app-pages-browser)/./node_modules/next/dist/client/components/react-dev-overlay/app/hot-reloader-client.js:321:11)
    at Router (webpack-internal:///(app-pages-browser)/./node_modules/next/dist/client/components/app-router.js:207:11)
    at ErrorBoundaryHandler (webpack-internal:///(app-pages-browser)/./node_modules/next/dist/client/components/error-boundary.js:113:9)
    at ErrorBoundary (webpack-internal:///(app-pages-browser)/./node_modules/next/dist/client/components/error-boundary.js:160:11)
    at AppRouter (webpack-internal:///(app-pages-browser)/./node_modules/next/dist/client/components/app-router.js:585:13)
    at ServerRoot (webpack-internal:///(app-pages-browser)/./node_modules/next/dist/client/app-index.js:112:27)
    at Root (webpack-internal:///(app-pages-browser)/./node_modules/next/dist/client/app-index.js:117:11) @ webpack-internal:///(app-pages-browser)/./node_modules/next/dist/client/app-index.js:32
[   13932ms] [ERROR] Warning: Encountered two children with the same key, `%s`. Keys should be unique so that components maintain their identity across updates. Non-unique keys may cause children to be duplicated and/or omitted — the behavior is unsupported and could change in a future version.%s /student/projects 
    at div
    at section
    at PortalSearchHero (Server)
    at main
    at div
    at Home (Server)
    at InnerLayoutRouter (webpack-internal:///(app-pages-browser)/./node_modules/next/dist/client/components/layout-router.js:243:11)
    at RedirectErrorBoundary (webpack-internal:///(app-pages-browser)/./node_modules/next/dist/client/components/redirect-boundary.js:74:9)
    at RedirectBoundary (webpack-internal:///(app-pages-browser)/./node_modules/next/dist/client/components/redirect-boundary.js:82:11)
    at NotFoundErrorBoundary (webpack-internal:///(app-pages-browser)/./node_modules/next/dist/client/components/not-found-boundary.js:76:9)
    at NotFoundBoundary (webpack-internal:///(app-pages-browser)/./node_modules/next/dist/client/components/not-found-boundary.js:84:11)
    at LoadingBoundary (webpack-internal:///(app-pages-browser)/./node_modules/next/dist/client/components/layout-router.js:349:11)
    at ErrorBoundary (webpack-internal:///(app-pages-browser)/./node_modules/next/dist/client/components/error-boundary.js:160:11)
    at InnerScrollAndFocusHandler (webpack-internal:///(app-pages-browser)/./node_modules/next/dist/client/components/layout-router.js:153:9)
    at ScrollAndFocusHandler (webpack-internal:///(app-pages-browser)/./node_modules/next/dist/client/components/layout-router.js:228:11)
    at RenderFromTemplateContext (webpack-internal:///(app-pages-browser)/./node_modules/next/dist/client/components/render-from-template-context.js:16:44)
    at OuterLayoutRouter (webpack-internal:///(app-pages-browser)/./node_modules/next/dist/client/components/layout-router.js:370:11)
    at QueryClientProvider (webpack-internal:///(app-pages-browser)/./node_modules/@tanstack/react-query/build/modern/QueryClientProvider.js:27:11)
    at V (webpack-internal:///(app-pages-browser)/./node_modules/next-themes/dist/index.mjs:54:24)
    at J (webpack-internal:///(app-pages-browser)/./node_modules/next-themes/dist/index.mjs:47:47)
    at ThemeProvider (webpack-internal:///(app-pages-browser)/./components/theme/theme-provider.tsx:10:11)
    at AppProviders (webpack-internal:///(app-pages-browser)/./components/providers/app-providers.tsx:19:11)
    at body
    at html
    at RootLayout (Server)
    at RedirectErrorBoundary (webpack-internal:///(app-pages-browser)/./node_modules/next/dist/client/components/redirect-boundary.js:74:9)
    at RedirectBoundary (webpack-internal:///(app-pages-browser)/./node_modules/next/dist/client/components/redirect-boundary.js:82:11)
    at NotFoundErrorBoundary (webpack-internal:///(app-pages-browser)/./node_modules/next/dist/client/components/not-found-boundary.js:76:9)
    at NotFoundBoundary (webpack-internal:///(app-pages-browser)/./node_modules/next/dist/client/components/not-found-boundary.js:84:11)
    at DevRootNotFoundBoundary (webpack-internal:///(app-pages-browser)/./node_modules/next/dist/client/components/dev-root-not-found-boundary.js:33:11)
    at ReactDevOverlay (webpack-internal:///(app-pages-browser)/./node_modules/next/dist/client/components/react-dev-overlay/app/ReactDevOverlay.js:87:9)
    at HotReload (webpack-internal:///(app-pages-browser)/./node_modules/next/dist/client/components/react-dev-overlay/app/hot-reloader-client.js:321:11)
    at Router (webpack-internal:///(app-pages-browser)/./node_modules/next/dist/client/components/app-router.js:207:11)
    at ErrorBoundaryHandler (webpack-internal:///(app-pages-browser)/./node_modules/next/dist/client/components/error-boundary.js:113:9)
    at ErrorBoundary (webpack-internal:///(app-pages-browser)/./node_modules/next/dist/client/components/error-boundary.js:160:11)
    at AppRouter (webpack-internal:///(app-pages-browser)/./node_modules/next/dist/client/components/app-router.js:585:13)
    at ServerRoot (webpack-internal:///(app-pages-browser)/./node_modules/next/dist/client/app-index.js:112:27)
    at Root (webpack-internal:///(app-pages-browser)/./node_modules/next/dist/client/app-index.js:117:11) @ webpack-internal:///(app-pages-browser)/./node_modules/next/dist/client/app-index.js:32
[   13932ms] [ERROR] Warning: Encountered two children with the same key, `%s`. Keys should be unique so that components maintain their identity across updates. Non-unique keys may cause children to be duplicated and/or omitted — the behavior is unsupported and could change in a future version.%s /student/projects 
    at div
    at section
    at PortalSearchHero (Server)
    at main
    at div
    at Home (Server)
    at InnerLayoutRouter (webpack-internal:///(app-pages-browser)/./node_modules/next/dist/client/components/layout-router.js:243:11)
    at RedirectErrorBoundary (webpack-internal:///(app-pages-browser)/./node_modules/next/dist/client/components/redirect-boundary.js:74:9)
    at RedirectBoundary (webpack-internal:///(app-pages-browser)/./node_modules/next/dist/client/components/redirect-boundary.js:82:11)
    at NotFoundErrorBoundary (webpack-internal:///(app-pages-browser)/./node_modules/next/dist/client/components/not-found-boundary.js:76:9)
    at NotFoundBoundary (webpack-internal:///(app-pages-browser)/./node_modules/next/dist/client/components/not-found-boundary.js:84:11)
    at LoadingBoundary (webpack-internal:///(app-pages-browser)/./node_modules/next/dist/client/components/layout-router.js:349:11)
    at ErrorBoundary (webpack-internal:///(app-pages-browser)/./node_modules/next/dist/client/components/error-boundary.js:160:11)
    at InnerScrollAndFocusHandler (webpack-internal:///(app-pages-browser)/./node_modules/next/dist/client/components/layout-router.js:153:9)
    at ScrollAndFocusHandler (webpack-internal:///(app-pages-browser)/./node_modules/next/dist/client/components/layout-router.js:228:11)
    at RenderFromTemplateContext (webpack-internal:///(app-pages-browser)/./node_modules/next/dist/client/components/render-from-template-context.js:16:44)
    at OuterLayoutRouter (webpack-internal:///(app-pages-browser)/./node_modules/next/dist/client/components/layout-router.js:370:11)
    at QueryClientProvider (webpack-internal:///(app-pages-browser)/./node_modules/@tanstack/react-query/build/modern/QueryClientProvider.js:27:11)
    at V (webpack-internal:///(app-pages-browser)/./node_modules/next-themes/dist/index.mjs:54:24)
    at J (webpack-internal:///(app-pages-browser)/./node_modules/next-themes/dist/index.mjs:47:47)
    at ThemeProvider (webpack-internal:///(app-pages-browser)/./components/theme/theme-provider.tsx:10:11)
    at AppProviders (webpack-internal:///(app-pages-browser)/./components/providers/app-providers.tsx:19:11)
    at body
    at html
    at RootLayout (Server)
    at RedirectErrorBoundary (webpack-internal:///(app-pages-browser)/./node_modules/next/dist/client/components/redirect-boundary.js:74:9)
    at RedirectBoundary (webpack-internal:///(app-pages-browser)/./node_modules/next/dist/client/components/redirect-boundary.js:82:11)
    at NotFoundErrorBoundary (webpack-internal:///(app-pages-browser)/./node_modules/next/dist/client/components/not-found-boundary.js:76:9)
    at NotFoundBoundary (webpack-internal:///(app-pages-browser)/./node_modules/next/dist/client/components/not-found-boundary.js:84:11)
    at DevRootNotFoundBoundary (webpack-internal:///(app-pages-browser)/./node_modules/next/dist/client/components/dev-root-not-found-boundary.js:33:11)
    at ReactDevOverlay (webpack-internal:///(app-pages-browser)/./node_modules/next/dist/client/components/react-dev-overlay/app/ReactDevOverlay.js:87:9)
    at HotReload (webpack-internal:///(app-pages-browser)/./node_modules/next/dist/client/components/react-dev-overlay/app/hot-reloader-client.js:321:11)
    at Router (webpack-internal:///(app-pages-browser)/./node_modules/next/dist/client/components/app-router.js:207:11)
    at ErrorBoundaryHandler (webpack-internal:///(app-pages-browser)/./node_modules/next/dist/client/components/error-boundary.js:113:9)
    at ErrorBoundary (webpack-internal:///(app-pages-browser)/./node_modules/next/dist/client/components/error-boundary.js:160:11)
    at AppRouter (webpack-internal:///(app-pages-browser)/./node_modules/next/dist/client/components/app-router.js:585:13)
    at ServerRoot (webpack-internal:///(app-pages-browser)/./node_modules/next/dist/client/app-index.js:112:27)
    at Root (webpack-internal:///(app-pages-browser)/./node_modules/next/dist/client/app-index.js:117:11) @ webpack-internal:///(app-pages-browser)/./node_modules/next/dist/client/app-index.js:32
[ 1186031ms] [WARNING] The resource http://localhost:3100/_next/static/css/app/layout.css?v=1774594469481 was preloaded using link preload but not used within a few seconds from the window's load event. Please make sure it has an appropriate `as` value and it is preloaded intentionally. @ http://localhost:3100/student/projects:0
[ 1249647ms] Error: b.createdAt.getTime is not a function
    at compareByRelevance (webpack-internal:///(rsc)/./src/modules/project/services/student-project-filters.ts:70:21)
    at eval (webpack-internal:///(rsc)/./src/modules/project/services/student-project-filters.ts:98:16)
    at Array.sort (<anonymous>)
    at applyStudentProjectFilters (webpack-internal:///(rsc)/./src/modules/project/services/student-project-filters.ts:95:16)
    at StudentProjectsPage (webpack-internal:///(rsc)/./src/app/(dashboard)/student/projects/page.tsx:63:106)
[ 1249648ms] Error: b.createdAt.getTime is not a function
    at compareByRelevance (webpack-internal:///(rsc)/./src/modules/project/services/student-project-filters.ts:70:21)
    at eval (webpack-internal:///(rsc)/./src/modules/project/services/student-project-filters.ts:98:16)
    at Array.sort (<anonymous>)
    at applyStudentProjectFilters (webpack-internal:///(rsc)/./src/modules/project/services/student-project-filters.ts:95:16)
    at StudentProjectsPage (webpack-internal:///(rsc)/./src/app/(dashboard)/student/projects/page.tsx:63:106)
[ 1249649ms] Error: b.createdAt.getTime is not a function
    at compareByRelevance (webpack-internal:///(rsc)/./src/modules/project/services/student-project-filters.ts:70:21)
    at eval (webpack-internal:///(rsc)/./src/modules/project/services/student-project-filters.ts:98:16)
    at Array.sort (<anonymous>)
    at applyStudentProjectFilters (webpack-internal:///(rsc)/./src/modules/project/services/student-project-filters.ts:95:16)
    at StudentProjectsPage (webpack-internal:///(rsc)/./src/app/(dashboard)/student/projects/page.tsx:63:106)
[ 1249649ms] Error: b.createdAt.getTime is not a function
    at compareByRelevance (webpack-internal:///(rsc)/./src/modules/project/services/student-project-filters.ts:70:21)
    at eval (webpack-internal:///(rsc)/./src/modules/project/services/student-project-filters.ts:98:16)
    at Array.sort (<anonymous>)
    at applyStudentProjectFilters (webpack-internal:///(rsc)/./src/modules/project/services/student-project-filters.ts:95:16)
    at StudentProjectsPage (webpack-internal:///(rsc)/./src/app/(dashboard)/student/projects/page.tsx:63:106)
[ 1249651ms] Error: b.createdAt.getTime is not a function
    at compareByRelevance (webpack-internal:///(rsc)/./src/modules/project/services/student-project-filters.ts:70:21)
    at eval (webpack-internal:///(rsc)/./src/modules/project/services/student-project-filters.ts:98:16)
    at Array.sort (<anonymous>)
    at applyStudentProjectFilters (webpack-internal:///(rsc)/./src/modules/project/services/student-project-filters.ts:95:16)
    at StudentProjectsPage (webpack-internal:///(rsc)/./src/app/(dashboard)/student/projects/page.tsx:63:106)
[ 1249652ms] Error: b.createdAt.getTime is not a function
    at compareByRelevance (webpack-internal:///(rsc)/./src/modules/project/services/student-project-filters.ts:70:21)
    at eval (webpack-internal:///(rsc)/./src/modules/project/services/student-project-filters.ts:98:16)
    at Array.sort (<anonymous>)
    at applyStudentProjectFilters (webpack-internal:///(rsc)/./src/modules/project/services/student-project-filters.ts:95:16)
    at StudentProjectsPage (webpack-internal:///(rsc)/./src/app/(dashboard)/student/projects/page.tsx:63:106)
[ 1249652ms] Error: b.createdAt.getTime is not a function
    at compareByRelevance (webpack-internal:///(rsc)/./src/modules/project/services/student-project-filters.ts:70:21)
    at eval (webpack-internal:///(rsc)/./src/modules/project/services/student-project-filters.ts:98:16)
    at Array.sort (<anonymous>)
    at applyStudentProjectFilters (webpack-internal:///(rsc)/./src/modules/project/services/student-project-filters.ts:95:16)
    at StudentProjectsPage (webpack-internal:///(rsc)/./src/app/(dashboard)/student/projects/page.tsx:63:106)
[ 1249652ms] Error: b.createdAt.getTime is not a function
    at compareByRelevance (webpack-internal:///(rsc)/./src/modules/project/services/student-project-filters.ts:70:21)
    at eval (webpack-internal:///(rsc)/./src/modules/project/services/student-project-filters.ts:98:16)
    at Array.sort (<anonymous>)
    at applyStudentProjectFilters (webpack-internal:///(rsc)/./src/modules/project/services/student-project-filters.ts:95:16)
    at StudentProjectsPage (webpack-internal:///(rsc)/./src/app/(dashboard)/student/projects/page.tsx:63:106)
[ 1249653ms] Error: b.createdAt.getTime is not a function
    at compareByRelevance (webpack-internal:///(rsc)/./src/modules/project/services/student-project-filters.ts:70:21)
    at eval (webpack-internal:///(rsc)/./src/modules/project/services/student-project-filters.ts:98:16)
    at Array.sort (<anonymous>)
    at applyStudentProjectFilters (webpack-internal:///(rsc)/./src/modules/project/services/student-project-filters.ts:95:16)
    at StudentProjectsPage (webpack-internal:///(rsc)/./src/app/(dashboard)/student/projects/page.tsx:63:106)
[ 1249654ms] Error: b.createdAt.getTime is not a function
    at compareByRelevance (webpack-internal:///(rsc)/./src/modules/project/services/student-project-filters.ts:70:21)
    at eval (webpack-internal:///(rsc)/./src/modules/project/services/student-project-filters.ts:98:16)
    at Array.sort (<anonymous>)
    at applyStudentProjectFilters (webpack-internal:///(rsc)/./src/modules/project/services/student-project-filters.ts:95:16)
    at StudentProjectsPage (webpack-internal:///(rsc)/./src/app/(dashboard)/student/projects/page.tsx:63:106)
[ 1249654ms] Error: b.createdAt.getTime is not a function
    at compareByRelevance (webpack-internal:///(rsc)/./src/modules/project/services/student-project-filters.ts:70:21)
    at eval (webpack-internal:///(rsc)/./src/modules/project/services/student-project-filters.ts:98:16)
    at Array.sort (<anonymous>)
    at applyStudentProjectFilters (webpack-internal:///(rsc)/./src/modules/project/services/student-project-filters.ts:95:16)
    at StudentProjectsPage (webpack-internal:///(rsc)/./src/app/(dashboard)/student/projects/page.tsx:63:106)
[ 1249655ms] Error: b.createdAt.getTime is not a function
    at compareByRelevance (webpack-internal:///(rsc)/./src/modules/project/services/student-project-filters.ts:70:21)
    at eval (webpack-internal:///(rsc)/./src/modules/project/services/student-project-filters.ts:98:16)
    at Array.sort (<anonymous>)
    at applyStudentProjectFilters (webpack-internal:///(rsc)/./src/modules/project/services/student-project-filters.ts:95:16)
    at StudentProjectsPage (webpack-internal:///(rsc)/./src/app/(dashboard)/student/projects/page.tsx:63:106)
[ 1249655ms] Error: b.createdAt.getTime is not a function
    at compareByRelevance (webpack-internal:///(rsc)/./src/modules/project/services/student-project-filters.ts:70:21)
    at eval (webpack-internal:///(rsc)/./src/modules/project/services/student-project-filters.ts:98:16)
    at Array.sort (<anonymous>)
    at applyStudentProjectFilters (webpack-internal:///(rsc)/./src/modules/project/services/student-project-filters.ts:95:16)
    at StudentProjectsPage (webpack-internal:///(rsc)/./src/app/(dashboard)/student/projects/page.tsx:63:106)
[ 1249656ms] Error: b.createdAt.getTime is not a function
    at compareByRelevance (webpack-internal:///(rsc)/./src/modules/project/services/student-project-filters.ts:70:21)
    at eval (webpack-internal:///(rsc)/./src/modules/project/services/student-project-filters.ts:98:16)
    at Array.sort (<anonymous>)
    at applyStudentProjectFilters (webpack-internal:///(rsc)/./src/modules/project/services/student-project-filters.ts:95:16)
    at StudentProjectsPage (webpack-internal:///(rsc)/./src/app/(dashboard)/student/projects/page.tsx:63:106)
[ 1249656ms] Error: b.createdAt.getTime is not a function
    at compareByRelevance (webpack-internal:///(rsc)/./src/modules/project/services/student-project-filters.ts:70:21)
    at eval (webpack-internal:///(rsc)/./src/modules/project/services/student-project-filters.ts:98:16)
    at Array.sort (<anonymous>)
    at applyStudentProjectFilters (webpack-internal:///(rsc)/./src/modules/project/services/student-project-filters.ts:95:16)
    at StudentProjectsPage (webpack-internal:///(rsc)/./src/app/(dashboard)/student/projects/page.tsx:63:106)
[ 1249656ms] Error: b.createdAt.getTime is not a function
    at compareByRelevance (webpack-internal:///(rsc)/./src/modules/project/services/student-project-filters.ts:70:21)
    at eval (webpack-internal:///(rsc)/./src/modules/project/services/student-project-filters.ts:98:16)
    at Array.sort (<anonymous>)
    at applyStudentProjectFilters (webpack-internal:///(rsc)/./src/modules/project/services/student-project-filters.ts:95:16)
    at StudentProjectsPage (webpack-internal:///(rsc)/./src/app/(dashboard)/student/projects/page.tsx:63:106)
[ 1249657ms] Error: b.createdAt.getTime is not a function
    at compareByRelevance (webpack-internal:///(rsc)/./src/modules/project/services/student-project-filters.ts:70:21)
    at eval (webpack-internal:///(rsc)/./src/modules/project/services/student-project-filters.ts:98:16)
    at Array.sort (<anonymous>)
    at applyStudentProjectFilters (webpack-internal:///(rsc)/./src/modules/project/services/student-project-filters.ts:95:16)
    at StudentProjectsPage (webpack-internal:///(rsc)/./src/app/(dashboard)/student/projects/page.tsx:63:106)
[ 1249657ms] Error: b.createdAt.getTime is not a function
    at compareByRelevance (webpack-internal:///(rsc)/./src/modules/project/services/student-project-filters.ts:70:21)
    at eval (webpack-internal:///(rsc)/./src/modules/project/services/student-project-filters.ts:98:16)
    at Array.sort (<anonymous>)
    at applyStudentProjectFilters (webpack-internal:///(rsc)/./src/modules/project/services/student-project-filters.ts:95:16)
    at StudentProjectsPage (webpack-internal:///(rsc)/./src/app/(dashboard)/student/projects/page.tsx:63:106)
[ 1249657ms] [ERROR] The above error occurred in the <NotFoundErrorBoundary> component:

    at InnerLayoutRouter (webpack-internal:///(app-pages-browser)/./node_modules/next/dist/client/components/layout-router.js:243:11)
    at RedirectErrorBoundary (webpack-internal:///(app-pages-browser)/./node_modules/next/dist/client/components/redirect-boundary.js:74:9)
    at RedirectBoundary (webpack-internal:///(app-pages-browser)/./node_modules/next/dist/client/components/redirect-boundary.js:82:11)
    at NotFoundBoundary (webpack-internal:///(app-pages-browser)/./node_modules/next/dist/client/components/not-found-boundary.js:84:11)
    at Suspense
    at LoadingBoundary (webpack-internal:///(app-pages-browser)/./node_modules/next/dist/client/components/layout-router.js:349:11)
    at ErrorBoundary (webpack-internal:///(app-pages-browser)/./node_modules/next/dist/client/components/error-boundary.js:160:11)
    at InnerScrollAndFocusHandler (webpack-internal:///(app-pages-browser)/./node_modules/next/dist/client/components/layout-router.js:153:9)
    at ScrollAndFocusHandler (webpack-internal:///(app-pages-browser)/./node_modules/next/dist/client/components/layout-router.js:228:11)
    at RenderFromTemplateContext (webpack-internal:///(app-pages-browser)/./node_modules/next/dist/client/components/render-from-template-context.js:16:44)
    at OuterLayoutRouter (webpack-internal:///(app-pages-browser)/./node_modules/next/dist/client/components/layout-router.js:370:11)
    at InnerLayoutRouter (webpack-internal:///(app-pages-browser)/./node_modules/next/dist/client/components/layout-router.js:243:11)
    at RedirectErrorBoundary (webpack-internal:///(app-pages-browser)/./node_modules/next/dist/client/components/redirect-boundary.js:74:9)
    at RedirectBoundary (webpack-internal:///(app-pages-browser)/./node_modules/next/dist/client/components/redirect-boundary.js:82:11)
    at NotFoundBoundary (webpack-internal:///(app-pages-browser)/./node_modules/next/dist/client/components/not-found-boundary.js:84:11)
    at Suspense
    at LoadingBoundary (webpack-internal:///(app-pages-browser)/./node_modules/next/dist/client/components/layout-router.js:349:11)
    at ErrorBoundary (webpack-internal:///(app-pages-browser)/./node_modules/next/dist/client/components/error-boundary.js:160:11)
    at InnerScrollAndFocusHandler (webpack-internal:///(app-pages-browser)/./node_modules/next/dist/client/components/layout-router.js:153:9)
    at ScrollAndFocusHandler (webpack-internal:///(app-pages-browser)/./node_modules/next/dist/client/components/layout-router.js:228:11)
    at RenderFromTemplateContext (webpack-internal:///(app-pages-browser)/./node_modules/next/dist/client/components/render-from-template-context.js:16:44)
    at OuterLayoutRouter (webpack-internal:///(app-pages-browser)/./node_modules/next/dist/client/components/layout-router.js:370:11)
    at InnerLayoutRouter (webpack-internal:///(app-pages-browser)/./node_modules/next/dist/client/components/layout-router.js:243:11)
    at RedirectErrorBoundary (webpack-internal:///(app-pages-browser)/./node_modules/next/dist/client/components/redirect-boundary.js:74:9)
    at RedirectBoundary (webpack-internal:///(app-pages-browser)/./node_modules/next/dist/client/components/redirect-boundary.js:82:11)
    at NotFoundErrorBoundary (webpack-internal:///(app-pages-browser)/./node_modules/next/dist/client/components/not-found-boundary.js:76:9)
    at NotFoundBoundary (webpack-internal:///(app-pages-browser)/./node_modules/next/dist/client/components/not-found-boundary.js:84:11)
    at LoadingBoundary (webpack-internal:///(app-pages-browser)/./node_modules/next/dist/client/components/layout-router.js:349:11)
    at ErrorBoundary (webpack-internal:///(app-pages-browser)/./node_modules/next/dist/client/components/error-boundary.js:160:11)
    at InnerScrollAndFocusHandler (webpack-internal:///(app-pages-browser)/./node_modules/next/dist/client/components/layout-router.js:153:9)
    at ScrollAndFocusHandler (webpack-internal:///(app-pages-browser)/./node_modules/next/dist/client/components/layout-router.js:228:11)
    at RenderFromTemplateContext (webpack-internal:///(app-pages-browser)/./node_modules/next/dist/client/components/render-from-template-context.js:16:44)
    at OuterLayoutRouter (webpack-internal:///(app-pages-browser)/./node_modules/next/dist/client/components/layout-router.js:370:11)
    at div
    at main
    at div
    at div
    at DashboardLayout (Server)
    at InnerLayoutRouter (webpack-internal:///(app-pages-browser)/./node_modules/next/dist/client/components/layout-router.js:243:11)
    at RedirectErrorBoundary (webpack-internal:///(app-pages-browser)/./node_modules/next/dist/client/components/redirect-boundary.js:74:9)
    at RedirectBoundary (webpack-internal:///(app-pages-browser)/./node_modules/next/dist/client/components/redirect-boundary.js:82:11)
    at NotFoundErrorBoundary (webpack-internal:///(app-pages-browser)/./node_modules/next/dist/client/components/not-found-boundary.js:76:9)
    at NotFoundBoundary (webpack-internal:///(app-pages-browser)/./node_modules/next/dist/client/components/not-found-boundary.js:84:11)
    at LoadingBoundary (webpack-internal:///(app-pages-browser)/./node_modules/next/dist/client/components/layout-router.js:349:11)
    at ErrorBoundary (webpack-internal:///(app-pages-browser)/./node_modules/next/dist/client/components/error-boundary.js:160:11)
    at InnerScrollAndFocusHandler (webpack-internal:///(app-pages-browser)/./node_modules/next/dist/client/components/layout-router.js:153:9)
    at ScrollAndFocusHandler (webpack-internal:///(app-pages-browser)/./node_modules/next/dist/client/components/layout-router.js:228:11)
    at RenderFromTemplateContext (webpack-internal:///(app-pages-browser)/./node_modules/next/dist/client/components/render-from-template-context.js:16:44)
    at OuterLayoutRouter (webpack-internal:///(app-pages-browser)/./node_modules/next/dist/client/components/layout-router.js:370:11)
    at QueryClientProvider (webpack-internal:///(app-pages-browser)/./node_modules/@tanstack/react-query/build/modern/QueryClientProvider.js:27:11)
    at V (webpack-internal:///(app-pages-browser)/./node_modules/next-themes/dist/index.mjs:54:24)
    at J (webpack-internal:///(app-pages-browser)/./node_modules/next-themes/dist/index.mjs:47:47)
    at ThemeProvider (webpack-internal:///(app-pages-browser)/./components/theme/theme-provider.tsx:10:11)
    at AppProviders (webpack-internal:///(app-pages-browser)/./components/providers/app-providers.tsx:19:11)
    at body
    at html
    at RootLayout (Server)
    at RedirectErrorBoundary (webpack-internal:///(app-pages-browser)/./node_modules/next/dist/client/components/redirect-boundary.js:74:9)
    at RedirectBoundary (webpack-internal:///(app-pages-browser)/./node_modules/next/dist/client/components/redirect-boundary.js:82:11)
    at NotFoundErrorBoundary (webpack-internal:///(app-pages-browser)/./node_modules/next/dist/client/components/not-found-boundary.js:76:9)
    at NotFoundBoundary (webpack-internal:///(app-pages-browser)/./node_modules/next/dist/client/components/not-found-boundary.js:84:11)
    at DevRootNotFoundBoundary (webpack-internal:///(app-pages-browser)/./node_modules/next/dist/client/components/dev-root-not-found-boundary.js:33:11)
    at ReactDevOverlay (webpack-internal:///(app-pages-browser)/./node_modules/next/dist/client/components/react-dev-overlay/app/ReactDevOverlay.js:87:9)
    at HotReload (webpack-internal:///(app-pages-browser)/./node_modules/next/dist/client/components/react-dev-overlay/app/hot-reloader-client.js:321:11)
    at Router (webpack-internal:///(app-pages-browser)/./node_modules/next/dist/client/components/app-router.js:207:11)
    at ErrorBoundaryHandler (webpack-internal:///(app-pages-browser)/./node_modules/next/dist/client/components/error-boundary.js:113:9)
    at ErrorBoundary (webpack-internal:///(app-pages-browser)/./node_modules/next/dist/client/components/error-boundary.js:160:11)
    at AppRouter (webpack-internal:///(app-pages-browser)/./node_modules/next/dist/client/components/app-router.js:585:13)
    at ServerRoot (webpack-internal:///(app-pages-browser)/./node_modules/next/dist/client/app-index.js:112:27)
    at Root (webpack-internal:///(app-pages-browser)/./node_modules/next/dist/client/app-index.js:117:11)

React will try to recreate this component tree from scratch using the error boundary you provided, ReactDevOverlay. @ webpack-internal:///(app-pages-browser)/./node_modules/next/dist/client/app-index.js:32
[ 1311868ms] Error: b.createdAt.getTime is not a function
    at compareByRelevance (webpack-internal:///(rsc)/./src/modules/project/services/student-project-filters.ts:70:21)
    at eval (webpack-internal:///(rsc)/./src/modules/project/services/student-project-filters.ts:98:16)
    at Array.sort (<anonymous>)
    at applyStudentProjectFilters (webpack-internal:///(rsc)/./src/modules/project/services/student-project-filters.ts:95:16)
    at StudentProjectsPage (webpack-internal:///(rsc)/./src/app/(dashboard)/student/projects/page.tsx:63:106)
[ 1311869ms] Error: b.createdAt.getTime is not a function
    at compareByRelevance (webpack-internal:///(rsc)/./src/modules/project/services/student-project-filters.ts:70:21)
    at eval (webpack-internal:///(rsc)/./src/modules/project/services/student-project-filters.ts:98:16)
    at Array.sort (<anonymous>)
    at applyStudentProjectFilters (webpack-internal:///(rsc)/./src/modules/project/services/student-project-filters.ts:95:16)
    at StudentProjectsPage (webpack-internal:///(rsc)/./src/app/(dashboard)/student/projects/page.tsx:63:106)
[ 1311869ms] Error: b.createdAt.getTime is not a function
    at compareByRelevance (webpack-internal:///(rsc)/./src/modules/project/services/student-project-filters.ts:70:21)
    at eval (webpack-internal:///(rsc)/./src/modules/project/services/student-project-filters.ts:98:16)
    at Array.sort (<anonymous>)
    at applyStudentProjectFilters (webpack-internal:///(rsc)/./src/modules/project/services/student-project-filters.ts:95:16)
    at StudentProjectsPage (webpack-internal:///(rsc)/./src/app/(dashboard)/student/projects/page.tsx:63:106)
[ 1311869ms] Error: b.createdAt.getTime is not a function
    at compareByRelevance (webpack-internal:///(rsc)/./src/modules/project/services/student-project-filters.ts:70:21)
    at eval (webpack-internal:///(rsc)/./src/modules/project/services/student-project-filters.ts:98:16)
    at Array.sort (<anonymous>)
    at applyStudentProjectFilters (webpack-internal:///(rsc)/./src/modules/project/services/student-project-filters.ts:95:16)
    at StudentProjectsPage (webpack-internal:///(rsc)/./src/app/(dashboard)/student/projects/page.tsx:63:106)
[ 1311870ms] Error: b.createdAt.getTime is not a function
    at compareByRelevance (webpack-internal:///(rsc)/./src/modules/project/services/student-project-filters.ts:70:21)
    at eval (webpack-internal:///(rsc)/./src/modules/project/services/student-project-filters.ts:98:16)
    at Array.sort (<anonymous>)
    at applyStudentProjectFilters (webpack-internal:///(rsc)/./src/modules/project/services/student-project-filters.ts:95:16)
    at StudentProjectsPage (webpack-internal:///(rsc)/./src/app/(dashboard)/student/projects/page.tsx:63:106)
[ 1311870ms] Error: b.createdAt.getTime is not a function
    at compareByRelevance (webpack-internal:///(rsc)/./src/modules/project/services/student-project-filters.ts:70:21)
    at eval (webpack-internal:///(rsc)/./src/modules/project/services/student-project-filters.ts:98:16)
    at Array.sort (<anonymous>)
    at applyStudentProjectFilters (webpack-internal:///(rsc)/./src/modules/project/services/student-project-filters.ts:95:16)
    at StudentProjectsPage (webpack-internal:///(rsc)/./src/app/(dashboard)/student/projects/page.tsx:63:106)
[ 1311870ms] Error: b.createdAt.getTime is not a function
    at compareByRelevance (webpack-internal:///(rsc)/./src/modules/project/services/student-project-filters.ts:70:21)
    at eval (webpack-internal:///(rsc)/./src/modules/project/services/student-project-filters.ts:98:16)
    at Array.sort (<anonymous>)
    at applyStudentProjectFilters (webpack-internal:///(rsc)/./src/modules/project/services/student-project-filters.ts:95:16)
    at StudentProjectsPage (webpack-internal:///(rsc)/./src/app/(dashboard)/student/projects/page.tsx:63:106)
[ 1311870ms] Error: b.createdAt.getTime is not a function
    at compareByRelevance (webpack-internal:///(rsc)/./src/modules/project/services/student-project-filters.ts:70:21)
    at eval (webpack-internal:///(rsc)/./src/modules/project/services/student-project-filters.ts:98:16)
    at Array.sort (<anonymous>)
    at applyStudentProjectFilters (webpack-internal:///(rsc)/./src/modules/project/services/student-project-filters.ts:95:16)
    at StudentProjectsPage (webpack-internal:///(rsc)/./src/app/(dashboard)/student/projects/page.tsx:63:106)
[ 1311871ms] Error: b.createdAt.getTime is not a function
    at compareByRelevance (webpack-internal:///(rsc)/./src/modules/project/services/student-project-filters.ts:70:21)
    at eval (webpack-internal:///(rsc)/./src/modules/project/services/student-project-filters.ts:98:16)
    at Array.sort (<anonymous>)
    at applyStudentProjectFilters (webpack-internal:///(rsc)/./src/modules/project/services/student-project-filters.ts:95:16)
    at StudentProjectsPage (webpack-internal:///(rsc)/./src/app/(dashboard)/student/projects/page.tsx:63:106)
[ 1311876ms] Error: b.createdAt.getTime is not a function
    at compareByRelevance (webpack-internal:///(rsc)/./src/modules/project/services/student-project-filters.ts:70:21)
    at eval (webpack-internal:///(rsc)/./src/modules/project/services/student-project-filters.ts:98:16)
    at Array.sort (<anonymous>)
    at applyStudentProjectFilters (webpack-internal:///(rsc)/./src/modules/project/services/student-project-filters.ts:95:16)
    at StudentProjectsPage (webpack-internal:///(rsc)/./src/app/(dashboard)/student/projects/page.tsx:63:106)
[ 1311877ms] Error: b.createdAt.getTime is not a function
    at compareByRelevance (webpack-internal:///(rsc)/./src/modules/project/services/student-project-filters.ts:70:21)
    at eval (webpack-internal:///(rsc)/./src/modules/project/services/student-project-filters.ts:98:16)
    at Array.sort (<anonymous>)
    at applyStudentProjectFilters (webpack-internal:///(rsc)/./src/modules/project/services/student-project-filters.ts:95:16)
    at StudentProjectsPage (webpack-internal:///(rsc)/./src/app/(dashboard)/student/projects/page.tsx:63:106)
[ 1311877ms] Error: b.createdAt.getTime is not a function
    at compareByRelevance (webpack-internal:///(rsc)/./src/modules/project/services/student-project-filters.ts:70:21)
    at eval (webpack-internal:///(rsc)/./src/modules/project/services/student-project-filters.ts:98:16)
    at Array.sort (<anonymous>)
    at applyStudentProjectFilters (webpack-internal:///(rsc)/./src/modules/project/services/student-project-filters.ts:95:16)
    at StudentProjectsPage (webpack-internal:///(rsc)/./src/app/(dashboard)/student/projects/page.tsx:63:106)
[ 1311878ms] Error: b.createdAt.getTime is not a function
    at compareByRelevance (webpack-internal:///(rsc)/./src/modules/project/services/student-project-filters.ts:70:21)
    at eval (webpack-internal:///(rsc)/./src/modules/project/services/student-project-filters.ts:98:16)
    at Array.sort (<anonymous>)
    at applyStudentProjectFilters (webpack-internal:///(rsc)/./src/modules/project/services/student-project-filters.ts:95:16)
    at StudentProjectsPage (webpack-internal:///(rsc)/./src/app/(dashboard)/student/projects/page.tsx:63:106)
[ 1311878ms] Error: b.createdAt.getTime is not a function
    at compareByRelevance (webpack-internal:///(rsc)/./src/modules/project/services/student-project-filters.ts:70:21)
    at eval (webpack-internal:///(rsc)/./src/modules/project/services/student-project-filters.ts:98:16)
    at Array.sort (<anonymous>)
    at applyStudentProjectFilters (webpack-internal:///(rsc)/./src/modules/project/services/student-project-filters.ts:95:16)
    at StudentProjectsPage (webpack-internal:///(rsc)/./src/app/(dashboard)/student/projects/page.tsx:63:106)
[ 1311878ms] Error: b.createdAt.getTime is not a function
    at compareByRelevance (webpack-internal:///(rsc)/./src/modules/project/services/student-project-filters.ts:70:21)
    at eval (webpack-internal:///(rsc)/./src/modules/project/services/student-project-filters.ts:98:16)
    at Array.sort (<anonymous>)
    at applyStudentProjectFilters (webpack-internal:///(rsc)/./src/modules/project/services/student-project-filters.ts:95:16)
    at StudentProjectsPage (webpack-internal:///(rsc)/./src/app/(dashboard)/student/projects/page.tsx:63:106)
[ 1311879ms] Error: b.createdAt.getTime is not a function
    at compareByRelevance (webpack-internal:///(rsc)/./src/modules/project/services/student-project-filters.ts:70:21)
    at eval (webpack-internal:///(rsc)/./src/modules/project/services/student-project-filters.ts:98:16)
    at Array.sort (<anonymous>)
    at applyStudentProjectFilters (webpack-internal:///(rsc)/./src/modules/project/services/student-project-filters.ts:95:16)
    at StudentProjectsPage (webpack-internal:///(rsc)/./src/app/(dashboard)/student/projects/page.tsx:63:106)
[ 1311879ms] Error: b.createdAt.getTime is not a function
    at compareByRelevance (webpack-internal:///(rsc)/./src/modules/project/services/student-project-filters.ts:70:21)
    at eval (webpack-internal:///(rsc)/./src/modules/project/services/student-project-filters.ts:98:16)
    at Array.sort (<anonymous>)
    at applyStudentProjectFilters (webpack-internal:///(rsc)/./src/modules/project/services/student-project-filters.ts:95:16)
    at StudentProjectsPage (webpack-internal:///(rsc)/./src/app/(dashboard)/student/projects/page.tsx:63:106)
[ 1311880ms] Error: b.createdAt.getTime is not a function
    at compareByRelevance (webpack-internal:///(rsc)/./src/modules/project/services/student-project-filters.ts:70:21)
    at eval (webpack-internal:///(rsc)/./src/modules/project/services/student-project-filters.ts:98:16)
    at Array.sort (<anonymous>)
    at applyStudentProjectFilters (webpack-internal:///(rsc)/./src/modules/project/services/student-project-filters.ts:95:16)
    at StudentProjectsPage (webpack-internal:///(rsc)/./src/app/(dashboard)/student/projects/page.tsx:63:106)
[ 1311884ms] [ERROR] The above error occurred in the <NotFoundErrorBoundary> component:

    at InnerLayoutRouter (webpack-internal:///(app-pages-browser)/./node_modules/next/dist/client/components/layout-router.js:243:11)
    at RedirectErrorBoundary (webpack-internal:///(app-pages-browser)/./node_modules/next/dist/client/components/redirect-boundary.js:74:9)
    at RedirectBoundary (webpack-internal:///(app-pages-browser)/./node_modules/next/dist/client/components/redirect-boundary.js:82:11)
    at NotFoundBoundary (webpack-internal:///(app-pages-browser)/./node_modules/next/dist/client/components/not-found-boundary.js:84:11)
    at Suspense
    at LoadingBoundary (webpack-internal:///(app-pages-browser)/./node_modules/next/dist/client/components/layout-router.js:349:11)
    at ErrorBoundary (webpack-internal:///(app-pages-browser)/./node_modules/next/dist/client/components/error-boundary.js:160:11)
    at InnerScrollAndFocusHandler (webpack-internal:///(app-pages-browser)/./node_modules/next/dist/client/components/layout-router.js:153:9)
    at ScrollAndFocusHandler (webpack-internal:///(app-pages-browser)/./node_modules/next/dist/client/components/layout-router.js:228:11)
    at RenderFromTemplateContext (webpack-internal:///(app-pages-browser)/./node_modules/next/dist/client/components/render-from-template-context.js:16:44)
    at OuterLayoutRouter (webpack-internal:///(app-pages-browser)/./node_modules/next/dist/client/components/layout-router.js:370:11)
    at InnerLayoutRouter (webpack-internal:///(app-pages-browser)/./node_modules/next/dist/client/components/layout-router.js:243:11)
    at RedirectErrorBoundary (webpack-internal:///(app-pages-browser)/./node_modules/next/dist/client/components/redirect-boundary.js:74:9)
    at RedirectBoundary (webpack-internal:///(app-pages-browser)/./node_modules/next/dist/client/components/redirect-boundary.js:82:11)
    at NotFoundBoundary (webpack-internal:///(app-pages-browser)/./node_modules/next/dist/client/components/not-found-boundary.js:84:11)
    at Suspense
    at LoadingBoundary (webpack-internal:///(app-pages-browser)/./node_modules/next/dist/client/components/layout-router.js:349:11)
    at ErrorBoundary (webpack-internal:///(app-pages-browser)/./node_modules/next/dist/client/components/error-boundary.js:160:11)
    at InnerScrollAndFocusHandler (webpack-internal:///(app-pages-browser)/./node_modules/next/dist/client/components/layout-router.js:153:9)
    at ScrollAndFocusHandler (webpack-internal:///(app-pages-browser)/./node_modules/next/dist/client/components/layout-router.js:228:11)
    at RenderFromTemplateContext (webpack-internal:///(app-pages-browser)/./node_modules/next/dist/client/components/render-from-template-context.js:16:44)
    at OuterLayoutRouter (webpack-internal:///(app-pages-browser)/./node_modules/next/dist/client/components/layout-router.js:370:11)
    at InnerLayoutRouter (webpack-internal:///(app-pages-browser)/./node_modules/next/dist/client/components/layout-router.js:243:11)
    at RedirectErrorBoundary (webpack-internal:///(app-pages-browser)/./node_modules/next/dist/client/components/redirect-boundary.js:74:9)
    at RedirectBoundary (webpack-internal:///(app-pages-browser)/./node_modules/next/dist/client/components/redirect-boundary.js:82:11)
    at NotFoundErrorBoundary (webpack-internal:///(app-pages-browser)/./node_modules/next/dist/client/components/not-found-boundary.js:76:9)
    at NotFoundBoundary (webpack-internal:///(app-pages-browser)/./node_modules/next/dist/client/components/not-found-boundary.js:84:11)
    at LoadingBoundary (webpack-internal:///(app-pages-browser)/./node_modules/next/dist/client/components/layout-router.js:349:11)
    at ErrorBoundary (webpack-internal:///(app-pages-browser)/./node_modules/next/dist/client/components/error-boundary.js:160:11)
    at InnerScrollAndFocusHandler (webpack-internal:///(app-pages-browser)/./node_modules/next/dist/client/components/layout-router.js:153:9)
    at ScrollAndFocusHandler (webpack-internal:///(app-pages-browser)/./node_modules/next/dist/client/components/layout-router.js:228:11)
    at RenderFromTemplateContext (webpack-internal:///(app-pages-browser)/./node_modules/next/dist/client/components/render-from-template-context.js:16:44)
    at OuterLayoutRouter (webpack-internal:///(app-pages-browser)/./node_modules/next/dist/client/components/layout-router.js:370:11)
    at div
    at main
    at div
    at div
    at DashboardLayout (Server)
    at InnerLayoutRouter (webpack-internal:///(app-pages-browser)/./node_modules/next/dist/client/components/layout-router.js:243:11)
    at RedirectErrorBoundary (webpack-internal:///(app-pages-browser)/./node_modules/next/dist/client/components/redirect-boundary.js:74:9)
    at RedirectBoundary (webpack-internal:///(app-pages-browser)/./node_modules/next/dist/client/components/redirect-boundary.js:82:11)
    at NotFoundErrorBoundary (webpack-internal:///(app-pages-browser)/./node_modules/next/dist/client/components/not-found-boundary.js:76:9)
    at NotFoundBoundary (webpack-internal:///(app-pages-browser)/./node_modules/next/dist/client/components/not-found-boundary.js:84:11)
    at LoadingBoundary (webpack-internal:///(app-pages-browser)/./node_modules/next/dist/client/components/layout-router.js:349:11)
    at ErrorBoundary (webpack-internal:///(app-pages-browser)/./node_modules/next/dist/client/components/error-boundary.js:160:11)
    at InnerScrollAndFocusHandler (webpack-internal:///(app-pages-browser)/./node_modules/next/dist/client/components/layout-router.js:153:9)
    at ScrollAndFocusHandler (webpack-internal:///(app-pages-browser)/./node_modules/next/dist/client/components/layout-router.js:228:11)
    at RenderFromTemplateContext (webpack-internal:///(app-pages-browser)/./node_modules/next/dist/client/components/render-from-template-context.js:16:44)
    at OuterLayoutRouter (webpack-internal:///(app-pages-browser)/./node_modules/next/dist/client/components/layout-router.js:370:11)
    at QueryClientProvider (webpack-internal:///(app-pages-browser)/./node_modules/@tanstack/react-query/build/modern/QueryClientProvider.js:27:11)
    at V (webpack-internal:///(app-pages-browser)/./node_modules/next-themes/dist/index.mjs:54:24)
    at J (webpack-internal:///(app-pages-browser)/./node_modules/next-themes/dist/index.mjs:47:47)
    at ThemeProvider (webpack-internal:///(app-pages-browser)/./components/theme/theme-provider.tsx:10:11)
    at AppProviders (webpack-internal:///(app-pages-browser)/./components/providers/app-providers.tsx:19:11)
    at body
    at html
    at RootLayout (Server)
    at RedirectErrorBoundary (webpack-internal:///(app-pages-browser)/./node_modules/next/dist/client/components/redirect-boundary.js:74:9)
    at RedirectBoundary (webpack-internal:///(app-pages-browser)/./node_modules/next/dist/client/components/redirect-boundary.js:82:11)
    at NotFoundErrorBoundary (webpack-internal:///(app-pages-browser)/./node_modules/next/dist/client/components/not-found-boundary.js:76:9)
    at NotFoundBoundary (webpack-internal:///(app-pages-browser)/./node_modules/next/dist/client/components/not-found-boundary.js:84:11)
    at DevRootNotFoundBoundary (webpack-internal:///(app-pages-browser)/./node_modules/next/dist/client/components/dev-root-not-found-boundary.js:33:11)
    at ReactDevOverlay (webpack-internal:///(app-pages-browser)/./node_modules/next/dist/client/components/react-dev-overlay/app/ReactDevOverlay.js:87:9)
    at HotReload (webpack-internal:///(app-pages-browser)/./node_modules/next/dist/client/components/react-dev-overlay/app/hot-reloader-client.js:321:11)
    at Router (webpack-internal:///(app-pages-browser)/./node_modules/next/dist/client/components/app-router.js:207:11)
    at ErrorBoundaryHandler (webpack-internal:///(app-pages-browser)/./node_modules/next/dist/client/components/error-boundary.js:113:9)
    at ErrorBoundary (webpack-internal:///(app-pages-browser)/./node_modules/next/dist/client/components/error-boundary.js:160:11)
    at AppRouter (webpack-internal:///(app-pages-browser)/./node_modules/next/dist/client/components/app-router.js:585:13)
    at ServerRoot (webpack-internal:///(app-pages-browser)/./node_modules/next/dist/client/app-index.js:112:27)
    at Root (webpack-internal:///(app-pages-browser)/./node_modules/next/dist/client/app-index.js:117:11)

React will try to recreate this component tree from scratch using the error boundary you provided, ReactDevOverlay. @ webpack-internal:///(app-pages-browser)/./node_modules/next/dist/client/app-index.js:32
[ 1311889ms] [WARNING] [Fast Refresh] performing full reload because your application had an unrecoverable error @ webpack-internal:///(app-pages-browser)/./node_modules/next/dist/client/components/react-dev-overlay/app/hot-reloader-client.js:114
[ 1313109ms] Error: b.createdAt.getTime is not a function
    at compareByRelevance (webpack-internal:///(rsc)/./src/modules/project/services/student-project-filters.ts:70:21)
    at eval (webpack-internal:///(rsc)/./src/modules/project/services/student-project-filters.ts:98:16)
    at Array.sort (<anonymous>)
    at applyStudentProjectFilters (webpack-internal:///(rsc)/./src/modules/project/services/student-project-filters.ts:95:16)
    at StudentProjectsPage (webpack-internal:///(rsc)/./src/app/(dashboard)/student/projects/page.tsx:63:106)
[ 1313114ms] Error: b.createdAt.getTime is not a function
    at compareByRelevance (webpack-internal:///(rsc)/./src/modules/project/services/student-project-filters.ts:70:21)
    at eval (webpack-internal:///(rsc)/./src/modules/project/services/student-project-filters.ts:98:16)
    at Array.sort (<anonymous>)
    at applyStudentProjectFilters (webpack-internal:///(rsc)/./src/modules/project/services/student-project-filters.ts:95:16)
    at StudentProjectsPage (webpack-internal:///(rsc)/./src/app/(dashboard)/student/projects/page.tsx:63:106)
[ 1313114ms] Error: b.createdAt.getTime is not a function
    at compareByRelevance (webpack-internal:///(rsc)/./src/modules/project/services/student-project-filters.ts:70:21)
    at eval (webpack-internal:///(rsc)/./src/modules/project/services/student-project-filters.ts:98:16)
    at Array.sort (<anonymous>)
    at applyStudentProjectFilters (webpack-internal:///(rsc)/./src/modules/project/services/student-project-filters.ts:95:16)
    at StudentProjectsPage (webpack-internal:///(rsc)/./src/app/(dashboard)/student/projects/page.tsx:63:106)
[ 1313115ms] Error: b.createdAt.getTime is not a function
    at compareByRelevance (webpack-internal:///(rsc)/./src/modules/project/services/student-project-filters.ts:70:21)
    at eval (webpack-internal:///(rsc)/./src/modules/project/services/student-project-filters.ts:98:16)
    at Array.sort (<anonymous>)
    at applyStudentProjectFilters (webpack-internal:///(rsc)/./src/modules/project/services/student-project-filters.ts:95:16)
    at StudentProjectsPage (webpack-internal:///(rsc)/./src/app/(dashboard)/student/projects/page.tsx:63:106)
[ 1313115ms] Error: b.createdAt.getTime is not a function
    at compareByRelevance (webpack-internal:///(rsc)/./src/modules/project/services/student-project-filters.ts:70:21)
    at eval (webpack-internal:///(rsc)/./src/modules/project/services/student-project-filters.ts:98:16)
    at Array.sort (<anonymous>)
    at applyStudentProjectFilters (webpack-internal:///(rsc)/./src/modules/project/services/student-project-filters.ts:95:16)
    at StudentProjectsPage (webpack-internal:///(rsc)/./src/app/(dashboard)/student/projects/page.tsx:63:106)
[ 1313115ms] Error: b.createdAt.getTime is not a function
    at compareByRelevance (webpack-internal:///(rsc)/./src/modules/project/services/student-project-filters.ts:70:21)
    at eval (webpack-internal:///(rsc)/./src/modules/project/services/student-project-filters.ts:98:16)
    at Array.sort (<anonymous>)
    at applyStudentProjectFilters (webpack-internal:///(rsc)/./src/modules/project/services/student-project-filters.ts:95:16)
    at StudentProjectsPage (webpack-internal:///(rsc)/./src/app/(dashboard)/student/projects/page.tsx:63:106)
[ 1313116ms] Error: b.createdAt.getTime is not a function
    at compareByRelevance (webpack-internal:///(rsc)/./src/modules/project/services/student-project-filters.ts:70:21)
    at eval (webpack-internal:///(rsc)/./src/modules/project/services/student-project-filters.ts:98:16)
    at Array.sort (<anonymous>)
    at applyStudentProjectFilters (webpack-internal:///(rsc)/./src/modules/project/services/student-project-filters.ts:95:16)
    at StudentProjectsPage (webpack-internal:///(rsc)/./src/app/(dashboard)/student/projects/page.tsx:63:106)
[ 1313116ms] Error: b.createdAt.getTime is not a function
    at compareByRelevance (webpack-internal:///(rsc)/./src/modules/project/services/student-project-filters.ts:70:21)
    at eval (webpack-internal:///(rsc)/./src/modules/project/services/student-project-filters.ts:98:16)
    at Array.sort (<anonymous>)
    at applyStudentProjectFilters (webpack-internal:///(rsc)/./src/modules/project/services/student-project-filters.ts:95:16)
    at StudentProjectsPage (webpack-internal:///(rsc)/./src/app/(dashboard)/student/projects/page.tsx:63:106)
[ 1313116ms] Error: b.createdAt.getTime is not a function
    at compareByRelevance (webpack-internal:///(rsc)/./src/modules/project/services/student-project-filters.ts:70:21)
    at eval (webpack-internal:///(rsc)/./src/modules/project/services/student-project-filters.ts:98:16)
    at Array.sort (<anonymous>)
    at applyStudentProjectFilters (webpack-internal:///(rsc)/./src/modules/project/services/student-project-filters.ts:95:16)
    at StudentProjectsPage (webpack-internal:///(rsc)/./src/app/(dashboard)/student/projects/page.tsx:63:106)
[ 1313119ms] Error: b.createdAt.getTime is not a function
    at compareByRelevance (webpack-internal:///(rsc)/./src/modules/project/services/student-project-filters.ts:70:21)
    at eval (webpack-internal:///(rsc)/./src/modules/project/services/student-project-filters.ts:98:16)
    at Array.sort (<anonymous>)
    at applyStudentProjectFilters (webpack-internal:///(rsc)/./src/modules/project/services/student-project-filters.ts:95:16)
    at StudentProjectsPage (webpack-internal:///(rsc)/./src/app/(dashboard)/student/projects/page.tsx:63:106)
[ 1313119ms] Error: b.createdAt.getTime is not a function
    at compareByRelevance (webpack-internal:///(rsc)/./src/modules/project/services/student-project-filters.ts:70:21)
    at eval (webpack-internal:///(rsc)/./src/modules/project/services/student-project-filters.ts:98:16)
    at Array.sort (<anonymous>)
    at applyStudentProjectFilters (webpack-internal:///(rsc)/./src/modules/project/services/student-project-filters.ts:95:16)
    at StudentProjectsPage (webpack-internal:///(rsc)/./src/app/(dashboard)/student/projects/page.tsx:63:106)
[ 1313119ms] Error: b.createdAt.getTime is not a function
    at compareByRelevance (webpack-internal:///(rsc)/./src/modules/project/services/student-project-filters.ts:70:21)
    at eval (webpack-internal:///(rsc)/./src/modules/project/services/student-project-filters.ts:98:16)
    at Array.sort (<anonymous>)
    at applyStudentProjectFilters (webpack-internal:///(rsc)/./src/modules/project/services/student-project-filters.ts:95:16)
    at StudentProjectsPage (webpack-internal:///(rsc)/./src/app/(dashboard)/student/projects/page.tsx:63:106)
[ 1313120ms] Error: b.createdAt.getTime is not a function
    at compareByRelevance (webpack-internal:///(rsc)/./src/modules/project/services/student-project-filters.ts:70:21)
    at eval (webpack-internal:///(rsc)/./src/modules/project/services/student-project-filters.ts:98:16)
    at Array.sort (<anonymous>)
    at applyStudentProjectFilters (webpack-internal:///(rsc)/./src/modules/project/services/student-project-filters.ts:95:16)
    at StudentProjectsPage (webpack-internal:///(rsc)/./src/app/(dashboard)/student/projects/page.tsx:63:106)
[ 1313121ms] Error: b.createdAt.getTime is not a function
    at compareByRelevance (webpack-internal:///(rsc)/./src/modules/project/services/student-project-filters.ts:70:21)
    at eval (webpack-internal:///(rsc)/./src/modules/project/services/student-project-filters.ts:98:16)
    at Array.sort (<anonymous>)
    at applyStudentProjectFilters (webpack-internal:///(rsc)/./src/modules/project/services/student-project-filters.ts:95:16)
    at StudentProjectsPage (webpack-internal:///(rsc)/./src/app/(dashboard)/student/projects/page.tsx:63:106)
[ 1313121ms] Error: b.createdAt.getTime is not a function
    at compareByRelevance (webpack-internal:///(rsc)/./src/modules/project/services/student-project-filters.ts:70:21)
    at eval (webpack-internal:///(rsc)/./src/modules/project/services/student-project-filters.ts:98:16)
    at Array.sort (<anonymous>)
    at applyStudentProjectFilters (webpack-internal:///(rsc)/./src/modules/project/services/student-project-filters.ts:95:16)
    at StudentProjectsPage (webpack-internal:///(rsc)/./src/app/(dashboard)/student/projects/page.tsx:63:106)
[ 1313121ms] Error: b.createdAt.getTime is not a function
    at compareByRelevance (webpack-internal:///(rsc)/./src/modules/project/services/student-project-filters.ts:70:21)
    at eval (webpack-internal:///(rsc)/./src/modules/project/services/student-project-filters.ts:98:16)
    at Array.sort (<anonymous>)
    at applyStudentProjectFilters (webpack-internal:///(rsc)/./src/modules/project/services/student-project-filters.ts:95:16)
    at StudentProjectsPage (webpack-internal:///(rsc)/./src/app/(dashboard)/student/projects/page.tsx:63:106)
[ 1313122ms] Error: b.createdAt.getTime is not a function
    at compareByRelevance (webpack-internal:///(rsc)/./src/modules/project/services/student-project-filters.ts:70:21)
    at eval (webpack-internal:///(rsc)/./src/modules/project/services/student-project-filters.ts:98:16)
    at Array.sort (<anonymous>)
    at applyStudentProjectFilters (webpack-internal:///(rsc)/./src/modules/project/services/student-project-filters.ts:95:16)
    at StudentProjectsPage (webpack-internal:///(rsc)/./src/app/(dashboard)/student/projects/page.tsx:63:106)
[ 1313122ms] Error: b.createdAt.getTime is not a function
    at compareByRelevance (webpack-internal:///(rsc)/./src/modules/project/services/student-project-filters.ts:70:21)
    at eval (webpack-internal:///(rsc)/./src/modules/project/services/student-project-filters.ts:98:16)
    at Array.sort (<anonymous>)
    at applyStudentProjectFilters (webpack-internal:///(rsc)/./src/modules/project/services/student-project-filters.ts:95:16)
    at StudentProjectsPage (webpack-internal:///(rsc)/./src/app/(dashboard)/student/projects/page.tsx:63:106)
[ 1313125ms] [ERROR] The above error occurred in the <NotFoundErrorBoundary> component:

    at InnerLayoutRouter (webpack-internal:///(app-pages-browser)/./node_modules/next/dist/client/components/layout-router.js:243:11)
    at RedirectErrorBoundary (webpack-internal:///(app-pages-browser)/./node_modules/next/dist/client/components/redirect-boundary.js:74:9)
    at RedirectBoundary (webpack-internal:///(app-pages-browser)/./node_modules/next/dist/client/components/redirect-boundary.js:82:11)
    at NotFoundBoundary (webpack-internal:///(app-pages-browser)/./node_modules/next/dist/client/components/not-found-boundary.js:84:11)
    at Suspense
    at LoadingBoundary (webpack-internal:///(app-pages-browser)/./node_modules/next/dist/client/components/layout-router.js:349:11)
    at ErrorBoundary (webpack-internal:///(app-pages-browser)/./node_modules/next/dist/client/components/error-boundary.js:160:11)
    at InnerScrollAndFocusHandler (webpack-internal:///(app-pages-browser)/./node_modules/next/dist/client/components/layout-router.js:153:9)
    at ScrollAndFocusHandler (webpack-internal:///(app-pages-browser)/./node_modules/next/dist/client/components/layout-router.js:228:11)
    at RenderFromTemplateContext (webpack-internal:///(app-pages-browser)/./node_modules/next/dist/client/components/render-from-template-context.js:16:44)
    at OuterLayoutRouter (webpack-internal:///(app-pages-browser)/./node_modules/next/dist/client/components/layout-router.js:370:11)
    at InnerLayoutRouter (webpack-internal:///(app-pages-browser)/./node_modules/next/dist/client/components/layout-router.js:243:11)
    at RedirectErrorBoundary (webpack-internal:///(app-pages-browser)/./node_modules/next/dist/client/components/redirect-boundary.js:74:9)
    at RedirectBoundary (webpack-internal:///(app-pages-browser)/./node_modules/next/dist/client/components/redirect-boundary.js:82:11)
    at NotFoundBoundary (webpack-internal:///(app-pages-browser)/./node_modules/next/dist/client/components/not-found-boundary.js:84:11)
    at Suspense
    at LoadingBoundary (webpack-internal:///(app-pages-browser)/./node_modules/next/dist/client/components/layout-router.js:349:11)
    at ErrorBoundary (webpack-internal:///(app-pages-browser)/./node_modules/next/dist/client/components/error-boundary.js:160:11)
    at InnerScrollAndFocusHandler (webpack-internal:///(app-pages-browser)/./node_modules/next/dist/client/components/layout-router.js:153:9)
    at ScrollAndFocusHandler (webpack-internal:///(app-pages-browser)/./node_modules/next/dist/client/components/layout-router.js:228:11)
    at RenderFromTemplateContext (webpack-internal:///(app-pages-browser)/./node_modules/next/dist/client/components/render-from-template-context.js:16:44)
    at OuterLayoutRouter (webpack-internal:///(app-pages-browser)/./node_modules/next/dist/client/components/layout-router.js:370:11)
    at InnerLayoutRouter (webpack-internal:///(app-pages-browser)/./node_modules/next/dist/client/components/layout-router.js:243:11)
    at RedirectErrorBoundary (webpack-internal:///(app-pages-browser)/./node_modules/next/dist/client/components/redirect-boundary.js:74:9)
    at RedirectBoundary (webpack-internal:///(app-pages-browser)/./node_modules/next/dist/client/components/redirect-boundary.js:82:11)
    at NotFoundErrorBoundary (webpack-internal:///(app-pages-browser)/./node_modules/next/dist/client/components/not-found-boundary.js:76:9)
    at NotFoundBoundary (webpack-internal:///(app-pages-browser)/./node_modules/next/dist/client/components/not-found-boundary.js:84:11)
    at LoadingBoundary (webpack-internal:///(app-pages-browser)/./node_modules/next/dist/client/components/layout-router.js:349:11)
    at ErrorBoundary (webpack-internal:///(app-pages-browser)/./node_modules/next/dist/client/components/error-boundary.js:160:11)
    at InnerScrollAndFocusHandler (webpack-internal:///(app-pages-browser)/./node_modules/next/dist/client/components/layout-router.js:153:9)
    at ScrollAndFocusHandler (webpack-internal:///(app-pages-browser)/./node_modules/next/dist/client/components/layout-router.js:228:11)
    at RenderFromTemplateContext (webpack-internal:///(app-pages-browser)/./node_modules/next/dist/client/components/render-from-template-context.js:16:44)
    at OuterLayoutRouter (webpack-internal:///(app-pages-browser)/./node_modules/next/dist/client/components/layout-router.js:370:11)
    at div
    at main
    at div
    at div
    at DashboardLayout (Server)
    at InnerLayoutRouter (webpack-internal:///(app-pages-browser)/./node_modules/next/dist/client/components/layout-router.js:243:11)
    at RedirectErrorBoundary (webpack-internal:///(app-pages-browser)/./node_modules/next/dist/client/components/redirect-boundary.js:74:9)
    at RedirectBoundary (webpack-internal:///(app-pages-browser)/./node_modules/next/dist/client/components/redirect-boundary.js:82:11)
    at NotFoundErrorBoundary (webpack-internal:///(app-pages-browser)/./node_modules/next/dist/client/components/not-found-boundary.js:76:9)
    at NotFoundBoundary (webpack-internal:///(app-pages-browser)/./node_modules/next/dist/client/components/not-found-boundary.js:84:11)
    at LoadingBoundary (webpack-internal:///(app-pages-browser)/./node_modules/next/dist/client/components/layout-router.js:349:11)
    at ErrorBoundary (webpack-internal:///(app-pages-browser)/./node_modules/next/dist/client/components/error-boundary.js:160:11)
    at InnerScrollAndFocusHandler (webpack-internal:///(app-pages-browser)/./node_modules/next/dist/client/components/layout-router.js:153:9)
    at ScrollAndFocusHandler (webpack-internal:///(app-pages-browser)/./node_modules/next/dist/client/components/layout-router.js:228:11)
    at RenderFromTemplateContext (webpack-internal:///(app-pages-browser)/./node_modules/next/dist/client/components/render-from-template-context.js:16:44)
    at OuterLayoutRouter (webpack-internal:///(app-pages-browser)/./node_modules/next/dist/client/components/layout-router.js:370:11)
    at QueryClientProvider (webpack-internal:///(app-pages-browser)/./node_modules/@tanstack/react-query/build/modern/QueryClientProvider.js:27:11)
    at V (webpack-internal:///(app-pages-browser)/./node_modules/next-themes/dist/index.mjs:54:24)
    at J (webpack-internal:///(app-pages-browser)/./node_modules/next-themes/dist/index.mjs:47:47)
    at ThemeProvider (webpack-internal:///(app-pages-browser)/./components/theme/theme-provider.tsx:10:11)
    at AppProviders (webpack-internal:///(app-pages-browser)/./components/providers/app-providers.tsx:19:11)
    at body
    at html
    at RootLayout (Server)
    at RedirectErrorBoundary (webpack-internal:///(app-pages-browser)/./node_modules/next/dist/client/components/redirect-boundary.js:74:9)
    at RedirectBoundary (webpack-internal:///(app-pages-browser)/./node_modules/next/dist/client/components/redirect-boundary.js:82:11)
    at NotFoundErrorBoundary (webpack-internal:///(app-pages-browser)/./node_modules/next/dist/client/components/not-found-boundary.js:76:9)
    at NotFoundBoundary (webpack-internal:///(app-pages-browser)/./node_modules/next/dist/client/components/not-found-boundary.js:84:11)
    at DevRootNotFoundBoundary (webpack-internal:///(app-pages-browser)/./node_modules/next/dist/client/components/dev-root-not-found-boundary.js:33:11)
    at ReactDevOverlay (webpack-internal:///(app-pages-browser)/./node_modules/next/dist/client/components/react-dev-overlay/app/ReactDevOverlay.js:87:9)
    at HotReload (webpack-internal:///(app-pages-browser)/./node_modules/next/dist/client/components/react-dev-overlay/app/hot-reloader-client.js:321:11)
    at Router (webpack-internal:///(app-pages-browser)/./node_modules/next/dist/client/components/app-router.js:207:11)
    at ErrorBoundaryHandler (webpack-internal:///(app-pages-browser)/./node_modules/next/dist/client/components/error-boundary.js:113:9)
    at ErrorBoundary (webpack-internal:///(app-pages-browser)/./node_modules/next/dist/client/components/error-boundary.js:160:11)
    at AppRouter (webpack-internal:///(app-pages-browser)/./node_modules/next/dist/client/components/app-router.js:585:13)
    at ServerRoot (webpack-internal:///(app-pages-browser)/./node_modules/next/dist/client/app-index.js:112:27)
    at Root (webpack-internal:///(app-pages-browser)/./node_modules/next/dist/client/app-index.js:117:11)

React will try to recreate this component tree from scratch using the error boundary you provided, ReactDevOverlay. @ webpack-internal:///(app-pages-browser)/./node_modules/next/dist/client/app-index.js:32
