[    2295ms] [ERROR] Failed to load resource: the server responded with a status of 404 (Not Found) @ http://localhost:3100/favicon.ico:0
[    2395ms] [ERROR] Failed to load resource: the server responded with a status of 404 (Not Found) @ http://localhost:3100/_next/static/webpack/88bc4bba33afcb30.webpack.hot-update.json:0
[   85479ms] Error: b.createdAt.getTime is not a function
    at compareByRelevance (webpack-internal:///(rsc)/./src/modules/project/services/student-project-filters.ts:70:21)
    at eval (webpack-internal:///(rsc)/./src/modules/project/services/student-project-filters.ts:98:16)
    at Array.sort (<anonymous>)
    at applyStudentProjectFilters (webpack-internal:///(rsc)/./src/modules/project/services/student-project-filters.ts:95:16)
    at StudentProjectsPage (webpack-internal:///(rsc)/./src/app/(dashboard)/student/projects/page.tsx:63:106)
[   85481ms] Error: b.createdAt.getTime is not a function
    at compareByRelevance (webpack-internal:///(rsc)/./src/modules/project/services/student-project-filters.ts:70:21)
    at eval (webpack-internal:///(rsc)/./src/modules/project/services/student-project-filters.ts:98:16)
    at Array.sort (<anonymous>)
    at applyStudentProjectFilters (webpack-internal:///(rsc)/./src/modules/project/services/student-project-filters.ts:95:16)
    at StudentProjectsPage (webpack-internal:///(rsc)/./src/app/(dashboard)/student/projects/page.tsx:63:106)
[   85481ms] Error: b.createdAt.getTime is not a function
    at compareByRelevance (webpack-internal:///(rsc)/./src/modules/project/services/student-project-filters.ts:70:21)
    at eval (webpack-internal:///(rsc)/./src/modules/project/services/student-project-filters.ts:98:16)
    at Array.sort (<anonymous>)
    at applyStudentProjectFilters (webpack-internal:///(rsc)/./src/modules/project/services/student-project-filters.ts:95:16)
    at StudentProjectsPage (webpack-internal:///(rsc)/./src/app/(dashboard)/student/projects/page.tsx:63:106)
[   85482ms] Error: b.createdAt.getTime is not a function
    at compareByRelevance (webpack-internal:///(rsc)/./src/modules/project/services/student-project-filters.ts:70:21)
    at eval (webpack-internal:///(rsc)/./src/modules/project/services/student-project-filters.ts:98:16)
    at Array.sort (<anonymous>)
    at applyStudentProjectFilters (webpack-internal:///(rsc)/./src/modules/project/services/student-project-filters.ts:95:16)
    at StudentProjectsPage (webpack-internal:///(rsc)/./src/app/(dashboard)/student/projects/page.tsx:63:106)
[   85482ms] Error: b.createdAt.getTime is not a function
    at compareByRelevance (webpack-internal:///(rsc)/./src/modules/project/services/student-project-filters.ts:70:21)
    at eval (webpack-internal:///(rsc)/./src/modules/project/services/student-project-filters.ts:98:16)
    at Array.sort (<anonymous>)
    at applyStudentProjectFilters (webpack-internal:///(rsc)/./src/modules/project/services/student-project-filters.ts:95:16)
    at StudentProjectsPage (webpack-internal:///(rsc)/./src/app/(dashboard)/student/projects/page.tsx:63:106)
[   85482ms] Error: b.createdAt.getTime is not a function
    at compareByRelevance (webpack-internal:///(rsc)/./src/modules/project/services/student-project-filters.ts:70:21)
    at eval (webpack-internal:///(rsc)/./src/modules/project/services/student-project-filters.ts:98:16)
    at Array.sort (<anonymous>)
    at applyStudentProjectFilters (webpack-internal:///(rsc)/./src/modules/project/services/student-project-filters.ts:95:16)
    at StudentProjectsPage (webpack-internal:///(rsc)/./src/app/(dashboard)/student/projects/page.tsx:63:106)
[   85483ms] Error: b.createdAt.getTime is not a function
    at compareByRelevance (webpack-internal:///(rsc)/./src/modules/project/services/student-project-filters.ts:70:21)
    at eval (webpack-internal:///(rsc)/./src/modules/project/services/student-project-filters.ts:98:16)
    at Array.sort (<anonymous>)
    at applyStudentProjectFilters (webpack-internal:///(rsc)/./src/modules/project/services/student-project-filters.ts:95:16)
    at StudentProjectsPage (webpack-internal:///(rsc)/./src/app/(dashboard)/student/projects/page.tsx:63:106)
[   85486ms] Error: b.createdAt.getTime is not a function
    at compareByRelevance (webpack-internal:///(rsc)/./src/modules/project/services/student-project-filters.ts:70:21)
    at eval (webpack-internal:///(rsc)/./src/modules/project/services/student-project-filters.ts:98:16)
    at Array.sort (<anonymous>)
    at applyStudentProjectFilters (webpack-internal:///(rsc)/./src/modules/project/services/student-project-filters.ts:95:16)
    at StudentProjectsPage (webpack-internal:///(rsc)/./src/app/(dashboard)/student/projects/page.tsx:63:106)
[   85486ms] Error: b.createdAt.getTime is not a function
    at compareByRelevance (webpack-internal:///(rsc)/./src/modules/project/services/student-project-filters.ts:70:21)
    at eval (webpack-internal:///(rsc)/./src/modules/project/services/student-project-filters.ts:98:16)
    at Array.sort (<anonymous>)
    at applyStudentProjectFilters (webpack-internal:///(rsc)/./src/modules/project/services/student-project-filters.ts:95:16)
    at StudentProjectsPage (webpack-internal:///(rsc)/./src/app/(dashboard)/student/projects/page.tsx:63:106)
[   85491ms] Error: b.createdAt.getTime is not a function
    at compareByRelevance (webpack-internal:///(rsc)/./src/modules/project/services/student-project-filters.ts:70:21)
    at eval (webpack-internal:///(rsc)/./src/modules/project/services/student-project-filters.ts:98:16)
    at Array.sort (<anonymous>)
    at applyStudentProjectFilters (webpack-internal:///(rsc)/./src/modules/project/services/student-project-filters.ts:95:16)
    at StudentProjectsPage (webpack-internal:///(rsc)/./src/app/(dashboard)/student/projects/page.tsx:63:106)
[   85491ms] Error: b.createdAt.getTime is not a function
    at compareByRelevance (webpack-internal:///(rsc)/./src/modules/project/services/student-project-filters.ts:70:21)
    at eval (webpack-internal:///(rsc)/./src/modules/project/services/student-project-filters.ts:98:16)
    at Array.sort (<anonymous>)
    at applyStudentProjectFilters (webpack-internal:///(rsc)/./src/modules/project/services/student-project-filters.ts:95:16)
    at StudentProjectsPage (webpack-internal:///(rsc)/./src/app/(dashboard)/student/projects/page.tsx:63:106)
[   85491ms] Error: b.createdAt.getTime is not a function
    at compareByRelevance (webpack-internal:///(rsc)/./src/modules/project/services/student-project-filters.ts:70:21)
    at eval (webpack-internal:///(rsc)/./src/modules/project/services/student-project-filters.ts:98:16)
    at Array.sort (<anonymous>)
    at applyStudentProjectFilters (webpack-internal:///(rsc)/./src/modules/project/services/student-project-filters.ts:95:16)
    at StudentProjectsPage (webpack-internal:///(rsc)/./src/app/(dashboard)/student/projects/page.tsx:63:106)
[   85492ms] Error: b.createdAt.getTime is not a function
    at compareByRelevance (webpack-internal:///(rsc)/./src/modules/project/services/student-project-filters.ts:70:21)
    at eval (webpack-internal:///(rsc)/./src/modules/project/services/student-project-filters.ts:98:16)
    at Array.sort (<anonymous>)
    at applyStudentProjectFilters (webpack-internal:///(rsc)/./src/modules/project/services/student-project-filters.ts:95:16)
    at StudentProjectsPage (webpack-internal:///(rsc)/./src/app/(dashboard)/student/projects/page.tsx:63:106)
[   85492ms] Error: b.createdAt.getTime is not a function
    at compareByRelevance (webpack-internal:///(rsc)/./src/modules/project/services/student-project-filters.ts:70:21)
    at eval (webpack-internal:///(rsc)/./src/modules/project/services/student-project-filters.ts:98:16)
    at Array.sort (<anonymous>)
    at applyStudentProjectFilters (webpack-internal:///(rsc)/./src/modules/project/services/student-project-filters.ts:95:16)
    at StudentProjectsPage (webpack-internal:///(rsc)/./src/app/(dashboard)/student/projects/page.tsx:63:106)
[   85492ms] Error: b.createdAt.getTime is not a function
    at compareByRelevance (webpack-internal:///(rsc)/./src/modules/project/services/student-project-filters.ts:70:21)
    at eval (webpack-internal:///(rsc)/./src/modules/project/services/student-project-filters.ts:98:16)
    at Array.sort (<anonymous>)
    at applyStudentProjectFilters (webpack-internal:///(rsc)/./src/modules/project/services/student-project-filters.ts:95:16)
    at StudentProjectsPage (webpack-internal:///(rsc)/./src/app/(dashboard)/student/projects/page.tsx:63:106)
[   85492ms] Error: b.createdAt.getTime is not a function
    at compareByRelevance (webpack-internal:///(rsc)/./src/modules/project/services/student-project-filters.ts:70:21)
    at eval (webpack-internal:///(rsc)/./src/modules/project/services/student-project-filters.ts:98:16)
    at Array.sort (<anonymous>)
    at applyStudentProjectFilters (webpack-internal:///(rsc)/./src/modules/project/services/student-project-filters.ts:95:16)
    at StudentProjectsPage (webpack-internal:///(rsc)/./src/app/(dashboard)/student/projects/page.tsx:63:106)
[   85493ms] Error: b.createdAt.getTime is not a function
    at compareByRelevance (webpack-internal:///(rsc)/./src/modules/project/services/student-project-filters.ts:70:21)
    at eval (webpack-internal:///(rsc)/./src/modules/project/services/student-project-filters.ts:98:16)
    at Array.sort (<anonymous>)
    at applyStudentProjectFilters (webpack-internal:///(rsc)/./src/modules/project/services/student-project-filters.ts:95:16)
    at StudentProjectsPage (webpack-internal:///(rsc)/./src/app/(dashboard)/student/projects/page.tsx:63:106)
[   85493ms] Error: b.createdAt.getTime is not a function
    at compareByRelevance (webpack-internal:///(rsc)/./src/modules/project/services/student-project-filters.ts:70:21)
    at eval (webpack-internal:///(rsc)/./src/modules/project/services/student-project-filters.ts:98:16)
    at Array.sort (<anonymous>)
    at applyStudentProjectFilters (webpack-internal:///(rsc)/./src/modules/project/services/student-project-filters.ts:95:16)
    at StudentProjectsPage (webpack-internal:///(rsc)/./src/app/(dashboard)/student/projects/page.tsx:63:106)
[   85736ms] [ERROR] The above error occurred in the <NotFoundErrorBoundary> component:

    at InnerLayoutRouter (webpack-internal:///(app-pages-browser)/./node_modules/next/dist/client/components/layout-router.js:243:11)
    at RedirectErrorBoundary (webpack-internal:///(app-pages-browser)/./node_modules/next/dist/client/components/redirect-boundary.js:74:9)
    at RedirectBoundary (webpack-internal:///(app-pages-browser)/./node_modules/next/dist/client/components/redirect-boundary.js:82:11)
    at NotFoundBoundary (webpack-internal:///(app-pages-browser)/./node_modules/next/dist/client/components/not-found-boundary.js:84:11)
    at Suspense
    at LoadingBoundary (webpack-internal:///(app-pages-browser)/./node_modules/next/dist/client/components/layout-router.js:349:11)
    at ErrorBoundary (webpack-internal:///(app-pages-browser)/./node_modules/next/dist/client/components/error-boundary.js:160:11)
    at InnerScrollAndFocusHandler (webpack-internal:///(app-pages-browser)/./node_modules/next/dist/client/components/layout-router.js:153:9)
    at ScrollAndFocusHandler (webpack-internal:///(app-pages-browser)/./node_modules/next/dist/client/components/layout-router.js:228:11)
    at RenderFromTemplateContext (webpack-internal:///(app-pages-browser)/./node_modules/next/dist/client/components/render-from-template-context.js:16:44)
    at OuterLayoutRouter (webpack-internal:///(app-pages-browser)/./node_modules/next/dist/client/components/layout-router.js:370:11)
    at InnerLayoutRouter (webpack-internal:///(app-pages-browser)/./node_modules/next/dist/client/components/layout-router.js:243:11)
    at RedirectErrorBoundary (webpack-internal:///(app-pages-browser)/./node_modules/next/dist/client/components/redirect-boundary.js:74:9)
    at RedirectBoundary (webpack-internal:///(app-pages-browser)/./node_modules/next/dist/client/components/redirect-boundary.js:82:11)
    at NotFoundBoundary (webpack-internal:///(app-pages-browser)/./node_modules/next/dist/client/components/not-found-boundary.js:84:11)
    at Suspense
    at LoadingBoundary (webpack-internal:///(app-pages-browser)/./node_modules/next/dist/client/components/layout-router.js:349:11)
    at ErrorBoundary (webpack-internal:///(app-pages-browser)/./node_modules/next/dist/client/components/error-boundary.js:160:11)
    at InnerScrollAndFocusHandler (webpack-internal:///(app-pages-browser)/./node_modules/next/dist/client/components/layout-router.js:153:9)
    at ScrollAndFocusHandler (webpack-internal:///(app-pages-browser)/./node_modules/next/dist/client/components/layout-router.js:228:11)
    at RenderFromTemplateContext (webpack-internal:///(app-pages-browser)/./node_modules/next/dist/client/components/render-from-template-context.js:16:44)
    at OuterLayoutRouter (webpack-internal:///(app-pages-browser)/./node_modules/next/dist/client/components/layout-router.js:370:11)
    at InnerLayoutRouter (webpack-internal:///(app-pages-browser)/./node_modules/next/dist/client/components/layout-router.js:243:11)
    at RedirectErrorBoundary (webpack-internal:///(app-pages-browser)/./node_modules/next/dist/client/components/redirect-boundary.js:74:9)
    at RedirectBoundary (webpack-internal:///(app-pages-browser)/./node_modules/next/dist/client/components/redirect-boundary.js:82:11)
    at NotFoundErrorBoundary (webpack-internal:///(app-pages-browser)/./node_modules/next/dist/client/components/not-found-boundary.js:76:9)
    at NotFoundBoundary (webpack-internal:///(app-pages-browser)/./node_modules/next/dist/client/components/not-found-boundary.js:84:11)
    at LoadingBoundary (webpack-internal:///(app-pages-browser)/./node_modules/next/dist/client/components/layout-router.js:349:11)
    at ErrorBoundary (webpack-internal:///(app-pages-browser)/./node_modules/next/dist/client/components/error-boundary.js:160:11)
    at InnerScrollAndFocusHandler (webpack-internal:///(app-pages-browser)/./node_modules/next/dist/client/components/layout-router.js:153:9)
    at ScrollAndFocusHandler (webpack-internal:///(app-pages-browser)/./node_modules/next/dist/client/components/layout-router.js:228:11)
    at RenderFromTemplateContext (webpack-internal:///(app-pages-browser)/./node_modules/next/dist/client/components/render-from-template-context.js:16:44)
    at OuterLayoutRouter (webpack-internal:///(app-pages-browser)/./node_modules/next/dist/client/components/layout-router.js:370:11)
    at div
    at main
    at div
    at div
    at DashboardLayout (Server)
    at InnerLayoutRouter (webpack-internal:///(app-pages-browser)/./node_modules/next/dist/client/components/layout-router.js:243:11)
    at RedirectErrorBoundary (webpack-internal:///(app-pages-browser)/./node_modules/next/dist/client/components/redirect-boundary.js:74:9)
    at RedirectBoundary (webpack-internal:///(app-pages-browser)/./node_modules/next/dist/client/components/redirect-boundary.js:82:11)
    at NotFoundErrorBoundary (webpack-internal:///(app-pages-browser)/./node_modules/next/dist/client/components/not-found-boundary.js:76:9)
    at NotFoundBoundary (webpack-internal:///(app-pages-browser)/./node_modules/next/dist/client/components/not-found-boundary.js:84:11)
    at LoadingBoundary (webpack-internal:///(app-pages-browser)/./node_modules/next/dist/client/components/layout-router.js:349:11)
    at ErrorBoundary (webpack-internal:///(app-pages-browser)/./node_modules/next/dist/client/components/error-boundary.js:160:11)
    at InnerScrollAndFocusHandler (webpack-internal:///(app-pages-browser)/./node_modules/next/dist/client/components/layout-router.js:153:9)
    at ScrollAndFocusHandler (webpack-internal:///(app-pages-browser)/./node_modules/next/dist/client/components/layout-router.js:228:11)
    at RenderFromTemplateContext (webpack-internal:///(app-pages-browser)/./node_modules/next/dist/client/components/render-from-template-context.js:16:44)
    at OuterLayoutRouter (webpack-internal:///(app-pages-browser)/./node_modules/next/dist/client/components/layout-router.js:370:11)
    at QueryClientProvider (webpack-internal:///(app-pages-browser)/./node_modules/@tanstack/react-query/build/modern/QueryClientProvider.js:27:11)
    at V (webpack-internal:///(app-pages-browser)/./node_modules/next-themes/dist/index.mjs:54:24)
    at J (webpack-internal:///(app-pages-browser)/./node_modules/next-themes/dist/index.mjs:47:47)
    at ThemeProvider (webpack-internal:///(app-pages-browser)/./components/theme/theme-provider.tsx:10:11)
    at AppProviders (webpack-internal:///(app-pages-browser)/./components/providers/app-providers.tsx:19:11)
    at body
    at html
    at RootLayout (Server)
    at RedirectErrorBoundary (webpack-internal:///(app-pages-browser)/./node_modules/next/dist/client/components/redirect-boundary.js:74:9)
    at RedirectBoundary (webpack-internal:///(app-pages-browser)/./node_modules/next/dist/client/components/redirect-boundary.js:82:11)
    at NotFoundErrorBoundary (webpack-internal:///(app-pages-browser)/./node_modules/next/dist/client/components/not-found-boundary.js:76:9)
    at NotFoundBoundary (webpack-internal:///(app-pages-browser)/./node_modules/next/dist/client/components/not-found-boundary.js:84:11)
    at DevRootNotFoundBoundary (webpack-internal:///(app-pages-browser)/./node_modules/next/dist/client/components/dev-root-not-found-boundary.js:33:11)
    at ReactDevOverlay (webpack-internal:///(app-pages-browser)/./node_modules/next/dist/client/components/react-dev-overlay/app/ReactDevOverlay.js:87:9)
    at HotReload (webpack-internal:///(app-pages-browser)/./node_modules/next/dist/client/components/react-dev-overlay/app/hot-reloader-client.js:321:11)
    at Router (webpack-internal:///(app-pages-browser)/./node_modules/next/dist/client/components/app-router.js:207:11)
    at ErrorBoundaryHandler (webpack-internal:///(app-pages-browser)/./node_modules/next/dist/client/components/error-boundary.js:113:9)
    at ErrorBoundary (webpack-internal:///(app-pages-browser)/./node_modules/next/dist/client/components/error-boundary.js:160:11)
    at AppRouter (webpack-internal:///(app-pages-browser)/./node_modules/next/dist/client/components/app-router.js:585:13)
    at ServerRoot (webpack-internal:///(app-pages-browser)/./node_modules/next/dist/client/app-index.js:112:27)
    at Root (webpack-internal:///(app-pages-browser)/./node_modules/next/dist/client/app-index.js:117:11)

React will try to recreate this component tree from scratch using the error boundary you provided, ReactDevOverlay. @ webpack-internal:///(app-pages-browser)/./node_modules/next/dist/client/app-index.js:32
[  112597ms] [WARNING] [Fast Refresh] performing full reload because your application had an unrecoverable error @ webpack-internal:///(app-pages-browser)/./node_modules/next/dist/client/components/react-dev-overlay/app/hot-reloader-client.js:114
